# JRE version: Java(TM) SE Runtime Environment (7.0_71-b14) (build 1.7.0_71-b14)
# Java VM: Java HotSpot(TM) Client VM (24.71-b01 mixed mode, sharing windows-x86 )
Heap
 def new generation   total 4928K, used 3244K [0x24800000, 0x24d50000, 0x29d50000)
  eden space 4416K,  73% used [0x24800000, 0x24b2a790, 0x24c50000)
  from space 512K,   0% used [0x24c50000, 0x24c50a60, 0x24cd0000)
  to   space 512K,   0% used [0x24cd0000, 0x24cd0000, 0x24d50000)
 tenured generation   total 10944K, used 7566K [0x29d50000, 0x2a800000, 0x34800000)
   the space 10944K,  69% used [0x29d50000, 0x2a4b3a48, 0x2a4b3c00, 0x2a800000)
 compacting perm gen  total 12288K, used 1484K [0x34800000, 0x35400000, 0x38800000)
   the space 12288K,  12% used [0x34800000, 0x349733c8, 0x34973400, 0x35400000)
    ro space 10240K,  42% used [0x38800000, 0x38c34e48, 0x38c35000, 0x39200000)
    rw space 12288K,  51% used [0x39200000, 0x3983aac0, 0x3983ac00, 0x39e00000)
GC Heap History (10 events):
Event: 1.085 GC heap before
{Heap before GC invocations=5 (full 0):
 def new generation   total 4928K, used 4418K [0x24800000, 0x24d50000, 0x29d50000)
  eden space 4416K, 100% used [0x24800000, 0x24c50000, 0x24c50000)
  from space 512K,   0% used [0x24cd0000, 0x24cd0a60, 0x24d50000)
  to   space 512K,   0% used [0x24c50000, 0x24c50000, 0x24cd0000)
 tenured generation   total 10944K, used 7566K [0x29d50000, 0x2a800000, 0x34800000)
   the space 10944K,  69% used [0x29d50000, 0x2a4b3a48, 0x2a4b3c00, 0x2a800000)
 compacting perm gen  total 12288K, used 1476K [0x34800000, 0x35400000, 0x38800000)
   the space 12288K,  12% used [0x34800000, 0x34971380, 0x34971400, 0x35400000)
    ro space 10240K,  42% used [0x38800000, 0x38c34e48, 0x38c35000, 0x39200000)
    rw space 12288K,  51% used [0x39200000, 0x3983aac0, 0x3983ac00, 0x39e00000)
Event: 1.085 GC heap after
Heap after GC invocations=6 (full 0):
 def new generation   total 4928K, used 2K [0x24800000, 0x24d50000, 0x29d50000)
  eden space 4416K,   0% used [0x24800000, 0x24800000, 0x24c50000)
  from space 512K,   0% used [0x24c50000, 0x24c50a60, 0x24cd0000)
  to   space 512K,   0% used [0x24cd0000, 0x24cd0000, 0x24d50000)
 tenured generation   total 10944K, used 7566K [0x29d50000, 0x2a800000, 0x34800000)
   the space 10944K,  69% used [0x29d50000, 0x2a4b3a48, 0x2a4b3c00, 0x2a800000)
 compacting perm gen  total 12288K, used 1476K [0x34800000, 0x35400000, 0x38800000)
   the space 12288K,  12% used [0x34800000, 0x34971380, 0x34971400, 0x35400000)
    ro space 10240K,  42% used [0x38800000, 0x38c34e48, 0x38c35000, 0x39200000)
    rw space 12288K,  51% used [0x39200000, 0x3983aac0, 0x3983ac00, 0x39e00000)
}
Event: 1.120 GC heap before
{Heap before GC invocations=6 (full 0):
 def new generation   total 4928K, used 4418K [0x24800000, 0x24d50000, 0x29d50000)
  eden space 4416K, 100% used [0x24800000, 0x24c50000, 0x24c50000)
  from space 512K,   0% used [0x24c50000, 0x24c50a60, 0x24cd0000)
  to   space 512K,   0% used [0x24cd0000, 0x24cd0000, 0x24d50000)
 tenured generation   total 10944K, used 7566K [0x29d50000, 0x2a800000, 0x34800000)
   the space 10944K,  69% used [0x29d50000, 0x2a4b3a48, 0x2a4b3c00, 0x2a800000)
 compacting perm gen  total 12288K, used 1476K [0x34800000, 0x35400000, 0x38800000)
   the space 12288K,  12% used [0x34800000, 0x34971380, 0x34971400, 0x35400000)
    ro space 10240K,  42% used [0x38800000, 0x38c34e48, 0x38c35000, 0x39200000)
    rw space 12288K,  51% used [0x39200000, 0x3983aac0, 0x3983ac00, 0x39e00000)
Event: 1.120 GC heap after
Heap after GC invocations=7 (full 0):
 def new generation   total 4928K, used 2K [0x24800000, 0x24d50000, 0x29d50000)
  eden space 4416K,   0% used [0x24800000, 0x24800000, 0x24c50000)
  from space 512K,   0% used [0x24cd0000, 0x24cd0a60, 0x24d50000)
  to   space 512K,   0% used [0x24c50000, 0x24c50000, 0x24cd0000)
 tenured generation   total 10944K, used 7566K [0x29d50000, 0x2a800000, 0x34800000)
   the space 10944K,  69% used [0x29d50000, 0x2a4b3a48, 0x2a4b3c00, 0x2a800000)
 compacting perm gen  total 12288K, used 1476K [0x34800000, 0x35400000, 0x38800000)
   the space 12288K,  12% used [0x34800000, 0x34971380, 0x34971400, 0x35400000)
    ro space 10240K,  42% used [0x38800000, 0x38c34e48, 0x38c35000, 0x39200000)
    rw space 12288K,  51% used [0x39200000, 0x3983aac0, 0x3983ac00, 0x39e00000)
}
Event: 1.151 GC heap before
{Heap before GC invocations=7 (full 0):
 def new generation   total 4928K, used 4418K [0x24800000, 0x24d50000, 0x29d50000)
  eden space 4416K, 100% used [0x24800000, 0x24c50000, 0x24c50000)
  from space 512K,   0% used [0x24cd0000, 0x24cd0a60, 0x24d50000)
  to   space 512K,   0% used [0x24c50000, 0x24c50000, 0x24cd0000)
 tenured generation   total 10944K, used 7566K [0x29d50000, 0x2a800000, 0x34800000)
   the space 10944K,  69% used [0x29d50000, 0x2a4b3a48, 0x2a4b3c00, 0x2a800000)
 compacting perm gen  total 12288K, used 1476K [0x34800000, 0x35400000, 0x38800000)
   the space 12288K,  12% used [0x34800000, 0x34971380, 0x34971400, 0x35400000)
    ro space 10240K,  42% used [0x38800000, 0x38c34e48, 0x38c35000, 0x39200000)
    rw space 12288K,  51% used [0x39200000, 0x3983aac0, 0x3983ac00, 0x39e00000)
Event: 1.152 GC heap after
Heap after GC invocations=8 (full 0):
 def new generation   total 4928K, used 2K [0x24800000, 0x24d50000, 0x29d50000)
  eden space 4416K,   0% used [0x24800000, 0x24800000, 0x24c50000)
  from space 512K,   0% used [0x24c50000, 0x24c50a60, 0x24cd0000)
  to   space 512K,   0% used [0x24cd0000, 0x24cd0000, 0x24d50000)
 tenured generation   total 10944K, used 7566K [0x29d50000, 0x2a800000, 0x34800000)
   the space 10944K,  69% used [0x29d50000, 0x2a4b3a48, 0x2a4b3c00, 0x2a800000)
 compacting perm gen  total 12288K, used 1476K [0x34800000, 0x35400000, 0x38800000)
   the space 12288K,  12% used [0x34800000, 0x34971380, 0x34971400, 0x35400000)
    ro space 10240K,  42% used [0x38800000, 0x38c34e48, 0x38c35000, 0x39200000)
    rw space 12288K,  51% used [0x39200000, 0x3983aac0, 0x3983ac00, 0x39e00000)
}
Event: 1.183 GC heap before
{Heap before GC invocations=8 (full 0):
 def new generation   total 4928K, used 4418K [0x24800000, 0x24d50000, 0x29d50000)
  eden space 4416K, 100% used [0x24800000, 0x24c50000, 0x24c50000)
  from space 512K,   0% used [0x24c50000, 0x24c50a60, 0x24cd0000)
  to   space 512K,   0% used [0x24cd0000, 0x24cd0000, 0x24d50000)
 tenured generation   total 10944K, used 7566K [0x29d50000, 0x2a800000, 0x34800000)
   the space 10944K,  69% used [0x29d50000, 0x2a4b3a48, 0x2a4b3c00, 0x2a800000)
 compacting perm gen  total 12288K, used 1476K [0x34800000, 0x35400000, 0x38800000)
   the space 12288K,  12% used [0x34800000, 0x34971380, 0x34971400, 0x35400000)
    ro space 10240K,  42% used [0x38800000, 0x38c34e48, 0x38c35000, 0x39200000)
    rw space 12288K,  51% used [0x39200000, 0x3983aac0, 0x3983ac00, 0x39e00000)
Event: 1.183 GC heap after
Heap after GC invocations=9 (full 0):
 def new generation   total 4928K, used 2K [0x24800000, 0x24d50000, 0x29d50000)
  eden space 4416K,   0% used [0x24800000, 0x24800000, 0x24c50000)
  from space 512K,   0% used [0x24cd0000, 0x24cd0a60, 0x24d50000)
  to   space 512K,   0% used [0x24c50000, 0x24c50000, 0x24cd0000)
 tenured generation   total 10944K, used 7566K [0x29d50000, 0x2a800000, 0x34800000)
   the space 10944K,  69% used [0x29d50000, 0x2a4b3a48, 0x2a4b3c00, 0x2a800000)
 compacting perm gen  total 12288K, used 1476K [0x34800000, 0x35400000, 0x38800000)
   the space 12288K,  12% used [0x34800000, 0x34971380, 0x34971400, 0x35400000)
    ro space 10240K,  42% used [0x38800000, 0x38c34e48, 0x38c35000, 0x39200000)
    rw space 12288K,  51% used [0x39200000, 0x3983aac0, 0x3983ac00, 0x39e00000)
}
Event: 1.215 GC heap before
{Heap before GC invocations=9 (full 0):
 def new generation   total 4928K, used 4418K [0x24800000, 0x24d50000, 0x29d50000)
  eden space 4416K, 100% used [0x24800000, 0x24c50000, 0x24c50000)
  from space 512K,   0% used [0x24cd0000, 0x24cd0a60, 0x24d50000)
  to   space 512K,   0% used [0x24c50000, 0x24c50000, 0x24cd0000)
 tenured generation   total 10944K, used 7566K [0x29d50000, 0x2a800000, 0x34800000)
   the space 10944K,  69% used [0x29d50000, 0x2a4b3a48, 0x2a4b3c00, 0x2a800000)
 compacting perm gen  total 12288K, used 1476K [0x34800000, 0x35400000, 0x38800000)
   the space 12288K,  12% used [0x34800000, 0x34971380, 0x34971400, 0x35400000)
    ro space 10240K,  42% used [0x38800000, 0x38c34e48, 0x38c35000, 0x39200000)
    rw space 12288K,  51% used [0x39200000, 0x3983aac0, 0x3983ac00, 0x39e00000)
Event: 1.215 GC heap after
Heap after GC invocations=10 (full 0):
 def new generation   total 4928K, used 2K [0x24800000, 0x24d50000, 0x29d50000)
  eden space 4416K,   0% used [0x24800000, 0x24800000, 0x24c50000)
  from space 512K,   0% used [0x24c50000, 0x24c50a60, 0x24cd0000)
  to   space 512K,   0% used [0x24cd0000, 0x24cd0000, 0x24d50000)
 tenured generation   total 10944K, used 7566K [0x29d50000, 0x2a800000, 0x34800000)
   the space 10944K,  69% used [0x29d50000, 0x2a4b3a48, 0x2a4b3c00, 0x2a800000)
 compacting perm gen  total 12288K, used 1476K [0x34800000, 0x35400000, 0x38800000)
   the space 12288K,  12% used [0x34800000, 0x34971380, 0x34971400, 0x35400000)
    ro space 10240K,  42% used [0x38800000, 0x38c34e48, 0x38c35000, 0x39200000)
    rw space 12288K,  51% used [0x39200000, 0x3983aac0, 0x3983ac00, 0x39e00000)
}

